Compiling the C compiler identification source file "CMakeCCompilerId.c" failed.
Compiler: gcc.exe 
Build flags: 
Id flags:  

The output was:
지정된 파일을 찾을 수 없습니다


Compiling the C compiler identification source file "CMakeCCompilerId.c" failed.
Compiler: gcc.exe 
Build flags: 
Id flags: -c 

The output was:
지정된 파일을 찾을 수 없습니다


Compiling the C compiler identification source file "CMakeCCompilerId.c" failed.
Compiler: gcc.exe 
Build flags: 
Id flags: -Aa 

The output was:
지정된 파일을 찾을 수 없습니다


Compiling the C compiler identification source file "CMakeCCompilerId.c" failed.
Compiler: gcc.exe 
Build flags: 
Id flags: -D__CLASSIC_C__ 

The output was:
지정된 파일을 찾을 수 없습니다


Compiling the C compiler identification source file "CMakeCCompilerId.c" failed.
Compiler: gcc.exe 
Build flags: 
Id flags:  

The output was:
지정된 파일을 찾을 수 없습니다


Compiling the C compiler identification source file "CMakeCCompilerId.c" failed.
Compiler: gcc.exe 
Build flags: 
Id flags: -c 

The output was:
지정된 파일을 찾을 수 없습니다


Compiling the C compiler identification source file "CMakeCCompilerId.c" failed.
Compiler: gcc.exe 
Build flags: 
Id flags: -Aa 

The output was:
지정된 파일을 찾을 수 없습니다


Compiling the C compiler identification source file "CMakeCCompilerId.c" failed.
Compiler: gcc.exe 
Build flags: 
Id flags: -D__CLASSIC_C__ 

The output was:
지정된 파일을 찾을 수 없습니다


Checking whether the C compiler is IAR using "" did not match "IAR .+ Compiler":
Checking whether the C compiler is IAR using "" did not match "IAR .+ Compiler":
Compiling the CXX compiler identification source file "CMakeCXXCompilerId.cpp" failed.
Compiler: g++.exe 
Build flags: 
Id flags:  

The output was:
지정된 파일을 찾을 수 없습니다


Compiling the CXX compiler identification source file "CMakeCXXCompilerId.cpp" failed.
Compiler: g++.exe 
Build flags: 
Id flags: -c 

The output was:
지정된 파일을 찾을 수 없습니다


Compiling the CXX compiler identification source file "CMakeCXXCompilerId.cpp" failed.
Compiler: g++.exe 
Build flags: 
Id flags: --c++ 

The output was:
지정된 파일을 찾을 수 없습니다


Compiling the CXX compiler identification source file "CMakeCXXCompilerId.cpp" failed.
Compiler: g++.exe 
Build flags: 
Id flags: --ec++ 

The output was:
지정된 파일을 찾을 수 없습니다


Compiling the CXX compiler identification source file "CMakeCXXCompilerId.cpp" failed.
Compiler: g++.exe 
Build flags: 
Id flags:  

The output was:
지정된 파일을 찾을 수 없습니다


Compiling the CXX compiler identification source file "CMakeCXXCompilerId.cpp" failed.
Compiler: g++.exe 
Build flags: 
Id flags: -c 

The output was:
지정된 파일을 찾을 수 없습니다


Compiling the CXX compiler identification source file "CMakeCXXCompilerId.cpp" failed.
Compiler: g++.exe 
Build flags: 
Id flags: --c++ 

The output was:
지정된 파일을 찾을 수 없습니다


Compiling the CXX compiler identification source file "CMakeCXXCompilerId.cpp" failed.
Compiler: g++.exe 
Build flags: 
Id flags: --ec++ 

The output was:
지정된 파일을 찾을 수 없습니다


Checking whether the CXX compiler is IAR using "" did not match "IAR .+ Compiler":
Checking whether the CXX compiler is IAR using "" did not match "IAR .+ Compiler":
Compiling the C compiler identification source file "CMakeCCompilerId.c" failed.
Compiler: gcc.exe 
Build flags: 
Id flags:  

The output was:
지정된 파일을 찾을 수 없습니다


Compiling the C compiler identification source file "CMakeCCompilerId.c" failed.
Compiler: gcc.exe 
Build flags: 
Id flags: -c 

The output was:
지정된 파일을 찾을 수 없습니다


Compiling the C compiler identification source file "CMakeCCompilerId.c" failed.
Compiler: gcc.exe 
Build flags: 
Id flags: -Aa 

The output was:
지정된 파일을 찾을 수 없습니다


Compiling the C compiler identification source file "CMakeCCompilerId.c" failed.
Compiler: gcc.exe 
Build flags: 
Id flags: -D__CLASSIC_C__ 

The output was:
지정된 파일을 찾을 수 없습니다


Compiling the C compiler identification source file "CMakeCCompilerId.c" failed.
Compiler: gcc.exe 
Build flags: 
Id flags:  

The output was:
지정된 파일을 찾을 수 없습니다


Compiling the C compiler identification source file "CMakeCCompilerId.c" failed.
Compiler: gcc.exe 
Build flags: 
Id flags: -c 

The output was:
지정된 파일을 찾을 수 없습니다


Compiling the C compiler identification source file "CMakeCCompilerId.c" failed.
Compiler: gcc.exe 
Build flags: 
Id flags: -Aa 

The output was:
지정된 파일을 찾을 수 없습니다


Compiling the C compiler identification source file "CMakeCCompilerId.c" failed.
Compiler: gcc.exe 
Build flags: 
Id flags: -D__CLASSIC_C__ 

The output was:
지정된 파일을 찾을 수 없습니다


Checking whether the C compiler is IAR using "" did not match "IAR .+ Compiler":
Checking whether the C compiler is IAR using "" did not match "IAR .+ Compiler":
Compiling the CXX compiler identification source file "CMakeCXXCompilerId.cpp" failed.
Compiler: g++.exe 
Build flags: 
Id flags:  

The output was:
지정된 파일을 찾을 수 없습니다


Compiling the CXX compiler identification source file "CMakeCXXCompilerId.cpp" failed.
Compiler: g++.exe 
Build flags: 
Id flags: -c 

The output was:
지정된 파일을 찾을 수 없습니다


Compiling the CXX compiler identification source file "CMakeCXXCompilerId.cpp" failed.
Compiler: g++.exe 
Build flags: 
Id flags: --c++ 

The output was:
지정된 파일을 찾을 수 없습니다


Compiling the CXX compiler identification source file "CMakeCXXCompilerId.cpp" failed.
Compiler: g++.exe 
Build flags: 
Id flags: --ec++ 

The output was:
지정된 파일을 찾을 수 없습니다


Compiling the CXX compiler identification source file "CMakeCXXCompilerId.cpp" failed.
Compiler: g++.exe 
Build flags: 
Id flags:  

The output was:
지정된 파일을 찾을 수 없습니다


Compiling the CXX compiler identification source file "CMakeCXXCompilerId.cpp" failed.
Compiler: g++.exe 
Build flags: 
Id flags: -c 

The output was:
지정된 파일을 찾을 수 없습니다


Compiling the CXX compiler identification source file "CMakeCXXCompilerId.cpp" failed.
Compiler: g++.exe 
Build flags: 
Id flags: --c++ 

The output was:
지정된 파일을 찾을 수 없습니다


Compiling the CXX compiler identification source file "CMakeCXXCompilerId.cpp" failed.
Compiler: g++.exe 
Build flags: 
Id flags: --ec++ 

The output was:
지정된 파일을 찾을 수 없습니다


Checking whether the CXX compiler is IAR using "" did not match "IAR .+ Compiler":
Checking whether the CXX compiler is IAR using "" did not match "IAR .+ Compiler":
Compiling the C compiler identification source file "CMakeCCompilerId.c" failed.
Compiler: gcc.exe 
Build flags: 
Id flags:  

The output was:
지정된 파일을 찾을 수 없습니다


Compiling the C compiler identification source file "CMakeCCompilerId.c" failed.
Compiler: gcc.exe 
Build flags: 
Id flags: -c 

The output was:
지정된 파일을 찾을 수 없습니다


Compiling the C compiler identification source file "CMakeCCompilerId.c" failed.
Compiler: gcc.exe 
Build flags: 
Id flags: -Aa 

The output was:
지정된 파일을 찾을 수 없습니다


Compiling the C compiler identification source file "CMakeCCompilerId.c" failed.
Compiler: gcc.exe 
Build flags: 
Id flags: -D__CLASSIC_C__ 

The output was:
지정된 파일을 찾을 수 없습니다


Compiling the C compiler identification source file "CMakeCCompilerId.c" failed.
Compiler: gcc.exe 
Build flags: 
Id flags:  

The output was:
지정된 파일을 찾을 수 없습니다


Compiling the C compiler identification source file "CMakeCCompilerId.c" failed.
Compiler: gcc.exe 
Build flags: 
Id flags: -c 

The output was:
지정된 파일을 찾을 수 없습니다


Compiling the C compiler identification source file "CMakeCCompilerId.c" failed.
Compiler: gcc.exe 
Build flags: 
Id flags: -Aa 

The output was:
지정된 파일을 찾을 수 없습니다


Compiling the C compiler identification source file "CMakeCCompilerId.c" failed.
Compiler: gcc.exe 
Build flags: 
Id flags: -D__CLASSIC_C__ 

The output was:
지정된 파일을 찾을 수 없습니다


Checking whether the C compiler is IAR using "" did not match "IAR .+ Compiler":
Checking whether the C compiler is IAR using "" did not match "IAR .+ Compiler":
Compiling the CXX compiler identification source file "CMakeCXXCompilerId.cpp" failed.
Compiler: g++.exe 
Build flags: 
Id flags:  

The output was:
지정된 파일을 찾을 수 없습니다


Compiling the CXX compiler identification source file "CMakeCXXCompilerId.cpp" failed.
Compiler: g++.exe 
Build flags: 
Id flags: -c 

The output was:
지정된 파일을 찾을 수 없습니다


Compiling the CXX compiler identification source file "CMakeCXXCompilerId.cpp" failed.
Compiler: g++.exe 
Build flags: 
Id flags: --c++ 

The output was:
지정된 파일을 찾을 수 없습니다


Compiling the CXX compiler identification source file "CMakeCXXCompilerId.cpp" failed.
Compiler: g++.exe 
Build flags: 
Id flags: --ec++ 

The output was:
지정된 파일을 찾을 수 없습니다


Compiling the CXX compiler identification source file "CMakeCXXCompilerId.cpp" failed.
Compiler: g++.exe 
Build flags: 
Id flags:  

The output was:
지정된 파일을 찾을 수 없습니다


Compiling the CXX compiler identification source file "CMakeCXXCompilerId.cpp" failed.
Compiler: g++.exe 
Build flags: 
Id flags: -c 

The output was:
지정된 파일을 찾을 수 없습니다


Compiling the CXX compiler identification source file "CMakeCXXCompilerId.cpp" failed.
Compiler: g++.exe 
Build flags: 
Id flags: --c++ 

The output was:
지정된 파일을 찾을 수 없습니다


Compiling the CXX compiler identification source file "CMakeCXXCompilerId.cpp" failed.
Compiler: g++.exe 
Build flags: 
Id flags: --ec++ 

The output was:
지정된 파일을 찾을 수 없습니다


Checking whether the CXX compiler is IAR using "" did not match "IAR .+ Compiler":
Checking whether the CXX compiler is IAR using "" did not match "IAR .+ Compiler":
Compiling the C compiler identification source file "CMakeCCompilerId.c" failed.
Compiler: gcc.exe 
Build flags: 
Id flags:  

The output was:
지정된 파일을 찾을 수 없습니다


Compiling the C compiler identification source file "CMakeCCompilerId.c" failed.
Compiler: gcc.exe 
Build flags: 
Id flags: -c 

The output was:
지정된 파일을 찾을 수 없습니다


Compiling the C compiler identification source file "CMakeCCompilerId.c" failed.
Compiler: gcc.exe 
Build flags: 
Id flags: -Aa 

The output was:
지정된 파일을 찾을 수 없습니다


Compiling the C compiler identification source file "CMakeCCompilerId.c" failed.
Compiler: gcc.exe 
Build flags: 
Id flags: -D__CLASSIC_C__ 

The output was:
지정된 파일을 찾을 수 없습니다


Compiling the C compiler identification source file "CMakeCCompilerId.c" failed.
Compiler: gcc.exe 
Build flags: 
Id flags:  

The output was:
지정된 파일을 찾을 수 없습니다


Compiling the C compiler identification source file "CMakeCCompilerId.c" failed.
Compiler: gcc.exe 
Build flags: 
Id flags: -c 

The output was:
지정된 파일을 찾을 수 없습니다


Compiling the C compiler identification source file "CMakeCCompilerId.c" failed.
Compiler: gcc.exe 
Build flags: 
Id flags: -Aa 

The output was:
지정된 파일을 찾을 수 없습니다


Compiling the C compiler identification source file "CMakeCCompilerId.c" failed.
Compiler: gcc.exe 
Build flags: 
Id flags: -D__CLASSIC_C__ 

The output was:
지정된 파일을 찾을 수 없습니다


Checking whether the C compiler is IAR using "" did not match "IAR .+ Compiler":
Checking whether the C compiler is IAR using "" did not match "IAR .+ Compiler":
Compiling the CXX compiler identification source file "CMakeCXXCompilerId.cpp" failed.
Compiler: g++.exe 
Build flags: 
Id flags:  

The output was:
지정된 파일을 찾을 수 없습니다


Compiling the CXX compiler identification source file "CMakeCXXCompilerId.cpp" failed.
Compiler: g++.exe 
Build flags: 
Id flags: -c 

The output was:
지정된 파일을 찾을 수 없습니다


Compiling the CXX compiler identification source file "CMakeCXXCompilerId.cpp" failed.
Compiler: g++.exe 
Build flags: 
Id flags: --c++ 

The output was:
지정된 파일을 찾을 수 없습니다


Compiling the CXX compiler identification source file "CMakeCXXCompilerId.cpp" failed.
Compiler: g++.exe 
Build flags: 
Id flags: --ec++ 

The output was:
지정된 파일을 찾을 수 없습니다


Compiling the CXX compiler identification source file "CMakeCXXCompilerId.cpp" failed.
Compiler: g++.exe 
Build flags: 
Id flags:  

The output was:
지정된 파일을 찾을 수 없습니다


Compiling the CXX compiler identification source file "CMakeCXXCompilerId.cpp" failed.
Compiler: g++.exe 
Build flags: 
Id flags: -c 

The output was:
지정된 파일을 찾을 수 없습니다


Compiling the CXX compiler identification source file "CMakeCXXCompilerId.cpp" failed.
Compiler: g++.exe 
Build flags: 
Id flags: --c++ 

The output was:
지정된 파일을 찾을 수 없습니다


Compiling the CXX compiler identification source file "CMakeCXXCompilerId.cpp" failed.
Compiler: g++.exe 
Build flags: 
Id flags: --ec++ 

The output was:
지정된 파일을 찾을 수 없습니다


Checking whether the CXX compiler is IAR using "" did not match "IAR .+ Compiler":
Checking whether the CXX compiler is IAR using "" did not match "IAR .+ Compiler":
Compiling the C compiler identification source file "CMakeCCompilerId.c" failed.
Compiler: gcc.exe 
Build flags: 
Id flags:  

The output was:
지정된 파일을 찾을 수 없습니다


Compiling the C compiler identification source file "CMakeCCompilerId.c" failed.
Compiler: gcc.exe 
Build flags: 
Id flags: -c 

The output was:
지정된 파일을 찾을 수 없습니다


Compiling the C compiler identification source file "CMakeCCompilerId.c" failed.
Compiler: gcc.exe 
Build flags: 
Id flags: -Aa 

The output was:
지정된 파일을 찾을 수 없습니다


Compiling the C compiler identification source file "CMakeCCompilerId.c" failed.
Compiler: gcc.exe 
Build flags: 
Id flags: -D__CLASSIC_C__ 

The output was:
지정된 파일을 찾을 수 없습니다


Compiling the C compiler identification source file "CMakeCCompilerId.c" failed.
Compiler: gcc.exe 
Build flags: 
Id flags:  

The output was:
지정된 파일을 찾을 수 없습니다


Compiling the C compiler identification source file "CMakeCCompilerId.c" failed.
Compiler: gcc.exe 
Build flags: 
Id flags: -c 

The output was:
지정된 파일을 찾을 수 없습니다


Compiling the C compiler identification source file "CMakeCCompilerId.c" failed.
Compiler: gcc.exe 
Build flags: 
Id flags: -Aa 

The output was:
지정된 파일을 찾을 수 없습니다


Compiling the C compiler identification source file "CMakeCCompilerId.c" failed.
Compiler: gcc.exe 
Build flags: 
Id flags: -D__CLASSIC_C__ 

The output was:
지정된 파일을 찾을 수 없습니다


Checking whether the C compiler is IAR using "" did not match "IAR .+ Compiler":
Checking whether the C compiler is IAR using "" did not match "IAR .+ Compiler":
Compiling the CXX compiler identification source file "CMakeCXXCompilerId.cpp" failed.
Compiler: g++.exe 
Build flags: 
Id flags:  

The output was:
지정된 파일을 찾을 수 없습니다


Compiling the CXX compiler identification source file "CMakeCXXCompilerId.cpp" failed.
Compiler: g++.exe 
Build flags: 
Id flags: -c 

The output was:
지정된 파일을 찾을 수 없습니다


Compiling the CXX compiler identification source file "CMakeCXXCompilerId.cpp" failed.
Compiler: g++.exe 
Build flags: 
Id flags: --c++ 

The output was:
지정된 파일을 찾을 수 없습니다


Compiling the CXX compiler identification source file "CMakeCXXCompilerId.cpp" failed.
Compiler: g++.exe 
Build flags: 
Id flags: --ec++ 

The output was:
지정된 파일을 찾을 수 없습니다


Compiling the CXX compiler identification source file "CMakeCXXCompilerId.cpp" failed.
Compiler: g++.exe 
Build flags: 
Id flags:  

The output was:
지정된 파일을 찾을 수 없습니다


Compiling the CXX compiler identification source file "CMakeCXXCompilerId.cpp" failed.
Compiler: g++.exe 
Build flags: 
Id flags: -c 

The output was:
지정된 파일을 찾을 수 없습니다


Compiling the CXX compiler identification source file "CMakeCXXCompilerId.cpp" failed.
Compiler: g++.exe 
Build flags: 
Id flags: --c++ 

The output was:
지정된 파일을 찾을 수 없습니다


Compiling the CXX compiler identification source file "CMakeCXXCompilerId.cpp" failed.
Compiler: g++.exe 
Build flags: 
Id flags: --ec++ 

The output was:
지정된 파일을 찾을 수 없습니다


Checking whether the CXX compiler is IAR using "" did not match "IAR .+ Compiler":
Checking whether the CXX compiler is IAR using "" did not match "IAR .+ Compiler":
Compiling the C compiler identification source file "CMakeCCompilerId.c" failed.
Compiler: E:/EN675/eclipse/tool/riscv64-unknown-elf-gcc-20180928-x86_64-w64-mingw32/bin/riscv64-unknown-elf-gcc-gcc.exe 
Build flags: 
Id flags:  

The output was:
지정된 파일을 찾을 수 없습니다


Compiling the C compiler identification source file "CMakeCCompilerId.c" failed.
Compiler: E:/EN675/eclipse/tool/riscv64-unknown-elf-gcc-20180928-x86_64-w64-mingw32/bin/riscv64-unknown-elf-gcc-gcc.exe 
Build flags: 
Id flags: -c 

The output was:
지정된 파일을 찾을 수 없습니다


Compiling the C compiler identification source file "CMakeCCompilerId.c" failed.
Compiler: E:/EN675/eclipse/tool/riscv64-unknown-elf-gcc-20180928-x86_64-w64-mingw32/bin/riscv64-unknown-elf-gcc-gcc.exe 
Build flags: 
Id flags: -Aa 

The output was:
지정된 파일을 찾을 수 없습니다


Compiling the C compiler identification source file "CMakeCCompilerId.c" failed.
Compiler: E:/EN675/eclipse/tool/riscv64-unknown-elf-gcc-20180928-x86_64-w64-mingw32/bin/riscv64-unknown-elf-gcc-gcc.exe 
Build flags: 
Id flags: -D__CLASSIC_C__ 

The output was:
지정된 파일을 찾을 수 없습니다


Compiling the C compiler identification source file "CMakeCCompilerId.c" failed.
Compiler: E:/EN675/eclipse/tool/riscv64-unknown-elf-gcc-20180928-x86_64-w64-mingw32/bin/riscv64-unknown-elf-gcc-gcc.exe 
Build flags: 
Id flags:  

The output was:
지정된 파일을 찾을 수 없습니다


Compiling the C compiler identification source file "CMakeCCompilerId.c" failed.
Compiler: E:/EN675/eclipse/tool/riscv64-unknown-elf-gcc-20180928-x86_64-w64-mingw32/bin/riscv64-unknown-elf-gcc-gcc.exe 
Build flags: 
Id flags: -c 

The output was:
지정된 파일을 찾을 수 없습니다


Compiling the C compiler identification source file "CMakeCCompilerId.c" failed.
Compiler: E:/EN675/eclipse/tool/riscv64-unknown-elf-gcc-20180928-x86_64-w64-mingw32/bin/riscv64-unknown-elf-gcc-gcc.exe 
Build flags: 
Id flags: -Aa 

The output was:
지정된 파일을 찾을 수 없습니다


Compiling the C compiler identification source file "CMakeCCompilerId.c" failed.
Compiler: E:/EN675/eclipse/tool/riscv64-unknown-elf-gcc-20180928-x86_64-w64-mingw32/bin/riscv64-unknown-elf-gcc-gcc.exe 
Build flags: 
Id flags: -D__CLASSIC_C__ 

The output was:
지정된 파일을 찾을 수 없습니다


Checking whether the C compiler is IAR using "" did not match "IAR .+ Compiler":
Checking whether the C compiler is IAR using "" did not match "IAR .+ Compiler":
Compiling the CXX compiler identification source file "CMakeCXXCompilerId.cpp" failed.
Compiler: E:/EN675/eclipse/tool/riscv64-unknown-elf-gcc-20180928-x86_64-w64-mingw32/bin/riscv64-unknown-elf-gcc-g++.exe 
Build flags: 
Id flags:  

The output was:
지정된 파일을 찾을 수 없습니다


Compiling the CXX compiler identification source file "CMakeCXXCompilerId.cpp" failed.
Compiler: E:/EN675/eclipse/tool/riscv64-unknown-elf-gcc-20180928-x86_64-w64-mingw32/bin/riscv64-unknown-elf-gcc-g++.exe 
Build flags: 
Id flags: -c 

The output was:
지정된 파일을 찾을 수 없습니다


Compiling the CXX compiler identification source file "CMakeCXXCompilerId.cpp" failed.
Compiler: E:/EN675/eclipse/tool/riscv64-unknown-elf-gcc-20180928-x86_64-w64-mingw32/bin/riscv64-unknown-elf-gcc-g++.exe 
Build flags: 
Id flags: --c++ 

The output was:
지정된 파일을 찾을 수 없습니다


Compiling the CXX compiler identification source file "CMakeCXXCompilerId.cpp" failed.
Compiler: E:/EN675/eclipse/tool/riscv64-unknown-elf-gcc-20180928-x86_64-w64-mingw32/bin/riscv64-unknown-elf-gcc-g++.exe 
Build flags: 
Id flags: --ec++ 

The output was:
지정된 파일을 찾을 수 없습니다


Compiling the CXX compiler identification source file "CMakeCXXCompilerId.cpp" failed.
Compiler: E:/EN675/eclipse/tool/riscv64-unknown-elf-gcc-20180928-x86_64-w64-mingw32/bin/riscv64-unknown-elf-gcc-g++.exe 
Build flags: 
Id flags:  

The output was:
지정된 파일을 찾을 수 없습니다


Compiling the CXX compiler identification source file "CMakeCXXCompilerId.cpp" failed.
Compiler: E:/EN675/eclipse/tool/riscv64-unknown-elf-gcc-20180928-x86_64-w64-mingw32/bin/riscv64-unknown-elf-gcc-g++.exe 
Build flags: 
Id flags: -c 

The output was:
지정된 파일을 찾을 수 없습니다


Compiling the CXX compiler identification source file "CMakeCXXCompilerId.cpp" failed.
Compiler: E:/EN675/eclipse/tool/riscv64-unknown-elf-gcc-20180928-x86_64-w64-mingw32/bin/riscv64-unknown-elf-gcc-g++.exe 
Build flags: 
Id flags: --c++ 

The output was:
지정된 파일을 찾을 수 없습니다


Compiling the CXX compiler identification source file "CMakeCXXCompilerId.cpp" failed.
Compiler: E:/EN675/eclipse/tool/riscv64-unknown-elf-gcc-20180928-x86_64-w64-mingw32/bin/riscv64-unknown-elf-gcc-g++.exe 
Build flags: 
Id flags: --ec++ 

The output was:
지정된 파일을 찾을 수 없습니다


Checking whether the CXX compiler is IAR using "" did not match "IAR .+ Compiler":
Checking whether the CXX compiler is IAR using "" did not match "IAR .+ Compiler":
Determining if the C compiler works failed with the following output:
Change Dir: E:/EN675/work8/code/en675_fpga_rc001/Debug/CMakeFiles/CMakeTmp

Run Build Command:"E:/EN675/eclipse/tool/build-tools/bin/make.exe" "cmTC_a6212/fast"
make.exe[1]: Entering directory 'E:/EN675/work8/code/en675_fpga_rc001/Debug/CMakeFiles/CMakeTmp'
E:/EN675/eclipse/tool/build-tools/bin/make.exe -f CMakeFiles\cmTC_a6212.dir\build.make CMakeFiles/cmTC_a6212.dir/build
make.exe[2]: Entering directory 'E:/EN675/work8/code/en675_fpga_rc001/Debug/CMakeFiles/CMakeTmp'
Building C object CMakeFiles/cmTC_a6212.dir/testCCompiler.c.obj
E:\EN675\eclipse\tool\riscv64-unknown-elf-gcc-20180928-x86_64-w64-mingw32\bin\riscv64-unknown-elf-gcc.exe    -o CMakeFiles\cmTC_a6212.dir\testCCompiler.c.obj   -c E:\EN675\work8\code\en675_fpga_rc001\Debug\CMakeFiles\CMakeTmp\testCCompiler.c
Linking C executable cmTC_a6212.exe
"C:\Program Files\CMake\bin\cmake.exe" -E cmake_link_script CMakeFiles\cmTC_a6212.dir\link.txt --verbose=1
"C:\Program Files\CMake\bin\cmake.exe" -E remove -f CMakeFiles\cmTC_a6212.dir/objects.a
E:\EN675\eclipse\tool\riscv64-unknown-elf-gcc-20180928-x86_64-w64-mingw32\bin\riscv64-unknown-elf-ar.exe cr CMakeFiles\cmTC_a6212.dir/objects.a @CMakeFiles\cmTC_a6212.dir\objects1.rsp
E:\EN675\eclipse\tool\riscv64-unknown-elf-gcc-20180928-x86_64-w64-mingw32\bin\riscv64-unknown-elf-gcc.exe      -Wl,--whole-archive CMakeFiles\cmTC_a6212.dir/objects.a -Wl,--no-whole-archive  -o cmTC_a6212.exe -Wl,--out-implib,libcmTC_a6212.dll.a -Wl,--major-image-version,0,--minor-image-version,0 
e:/en675/eclipse/tool/riscv64-unknown-elf-gcc-20180928-x86_64-w64-mingw32/bin/../lib/gcc/riscv64-unknown-elf/8.1.0/../../../../riscv64-unknown-elf/bin/ld.exe: unrecognized option '--major-image-version'
e:/en675/eclipse/tool/riscv64-unknown-elf-gcc-20180928-x86_64-w64-mingw32/bin/../lib/gcc/riscv64-unknown-elf/8.1.0/../../../../riscv64-unknown-elf/bin/ld.exe: use the --help option for usage information
collect2.exe: error: ld returned 1 exit status
make.exe[2]: *** [CMakeFiles\cmTC_a6212.dir\build.make:87: cmTC_a6212.exe] Error 1
make.exe[2]: Leaving directory 'E:/EN675/work8/code/en675_fpga_rc001/Debug/CMakeFiles/CMakeTmp'
make.exe[1]: *** [Makefile:120: cmTC_a6212/fast] Error 2
make.exe[1]: Leaving directory 'E:/EN675/work8/code/en675_fpga_rc001/Debug/CMakeFiles/CMakeTmp'


